<?xml version="1.0" encoding="UTF-8"?>
<!-- Generated by org.testng.reporters.JUnitReportReporter -->
<testsuite hostname="AbottsVAIO" name="Demo_TestNG.Demo_TestNG.TC_Home" tests="2" failures="0" timestamp="12 Jun 2020 12:38:53 GMT" time="0.003" errors="0">
  <testcase name="TC_Home_01" time="0.001" classname="Demo_TestNG.Demo_TestNG.TC_Home"/>
  <testcase name="TC_Home_02" time="0.002" classname="Demo_TestNG.Demo_TestNG.TC_Home"/>
</testsuite> <!-- Demo_TestNG.Demo_TestNG.TC_Home -->
