<?xml version="1.0" encoding="UTF-8"?>
<!-- Generated by org.testng.reporters.JUnitReportReporter -->
<testsuite hostname="AbottsVAIO" name="Demo_TestNG.Demo_TestNG.attest_annotation" tests="7" failures="0" timestamp="24 May 2020 17:23:10 GMT" time="0.021" errors="0">
  <testcase name="am4" time="0.000" classname="Demo_TestNG.Demo_TestNG.attest_annotation"/>
  <testcase name="b3m1" time="0.005" classname="Demo_TestNG.Demo_TestNG.attest_annotation"/>
  <testcase name="a3" time="0.000" classname="Demo_TestNG.Demo_TestNG.attest_annotation"/>
  <testcase name="A3" time="0.011" classname="Demo_TestNG.Demo_TestNG.attest_annotation"/>
  <testcase name="a2m1" time="0.000" classname="Demo_TestNG.Demo_TestNG.attest_annotation"/>
  <testcase name="a2" time="0.005" classname="Demo_TestNG.Demo_TestNG.attest_annotation"/>
  <testcase name="a1" time="0.000" classname="Demo_TestNG.Demo_TestNG.attest_annotation"/>
</testsuite> <!-- Demo_TestNG.Demo_TestNG.attest_annotation -->
