<?xml version="1.0" encoding="UTF-8"?>
<!-- Generated by org.testng.reporters.JUnitReportReporter -->
<testsuite hostname="AbottsVAIO" name="Demo_TestNG.Demo_TestNG.TC_Home_Group" tests="1" failures="0" timestamp="13 Jun 2020 18:51:38 GMT" time="0.055" errors="0">
  <testcase name="TC_Home_01" time="0.055" classname="Demo_TestNG.Demo_TestNG.TC_Home_Group"/>
</testsuite> <!-- Demo_TestNG.Demo_TestNG.TC_Home_Group -->
