<?xml version="1.0" encoding="UTF-8"?>
<!-- Generated by org.testng.reporters.JUnitReportReporter -->
<testsuite hostname="AbottsVAIO" name="Demo_TestNG.Demo_TestNG.priority_TestNg" tests="4" failures="0" timestamp="24 May 2020 18:22:46 GMT" time="0.019" errors="0">
  <testcase name="a2m1" time="0.001" classname="Demo_TestNG.Demo_TestNG.priority_TestNg"/>
  <testcase name="b3m1" time="0.003" classname="Demo_TestNG.Demo_TestNG.priority_TestNg"/>
  <testcase name="am4" time="0.014" classname="Demo_TestNG.Demo_TestNG.priority_TestNg"/>
  <testcase name="A3" time="0.001" classname="Demo_TestNG.Demo_TestNG.priority_TestNg"/>
</testsuite> <!-- Demo_TestNG.Demo_TestNG.priority_TestNg -->
