<?xml version="1.0" encoding="UTF-8"?>
<!-- Generated by org.testng.reporters.JUnitReportReporter -->
<testsuite hostname="AbottsVAIO" name="Demo_TestNG.Demo_TestNG.TC_Login_DMO" tests="4" failures="0" timestamp="13 Jun 2020 00:53:01 GMT" time="0.025" errors="0">
  <testcase name="TC_Login_03" time="0.001" classname="Demo_TestNG.Demo_TestNG.TC_Login_DMO"/>
  <testcase name="TC_Login_04" time="0.001" classname="Demo_TestNG.Demo_TestNG.TC_Login_DMO"/>
  <testcase name="TC_Login_02" time="0.001" classname="Demo_TestNG.Demo_TestNG.TC_Login_DMO"/>
  <testcase name="TC_Login_01" time="0.022" classname="Demo_TestNG.Demo_TestNG.TC_Login_DMO"/>
</testsuite> <!-- Demo_TestNG.Demo_TestNG.TC_Login_DMO -->
