<?xml version="1.0" encoding="UTF-8"?>
<!-- Generated by org.testng.reporters.JUnitReportReporter -->
<testsuite hostname="AbottsVAIO" name="Demo_TestNG.Demo_TestNG.TC_Login_Assertion" tests="1" failures="0" timestamp="13 Jun 2020 02:14:14 GMT" time="0.028" errors="0">
  <testcase name="TC_Login_01" time="0.028" classname="Demo_TestNG.Demo_TestNG.TC_Login_Assertion"/>
</testsuite> <!-- Demo_TestNG.Demo_TestNG.TC_Login_Assertion -->
