<?xml version="1.0" encoding="UTF-8"?>
<!-- Generated by org.testng.reporters.JUnitReportReporter -->
<testsuite hostname="AbottsVAIO" name="Demo_TestNG.Demo_TestNG.TC_Login_Group" tests="1" failures="0" timestamp="13 Jun 2020 18:51:37 GMT" time="0.007" errors="0">
  <testcase name="TC_Login_01" time="0.007" classname="Demo_TestNG.Demo_TestNG.TC_Login_Group"/>
</testsuite> <!-- Demo_TestNG.Demo_TestNG.TC_Login_Group -->
