<?xml version="1.0" encoding="UTF-8"?>
<!-- Generated by org.testng.reporters.JUnitReportReporter -->
<testsuite hostname="AbottsVAIO" name="Demo_TestNG.Demo_TestNG.annotationa" tests="1" failures="0" timestamp="24 May 2020 14:30:59 GMT" time="0.000" errors="0">
  <testcase name="m11" time="0.000" classname="Demo_TestNG.Demo_TestNG.annotationa"/>
</testsuite> <!-- Demo_TestNG.Demo_TestNG.annotationa -->
