<?xml version="1.0" encoding="UTF-8"?>
<!-- Generated by org.testng.reporters.JUnitReportReporter -->
<testsuite hostname="AbottsVAIO" name="Demo_TestNG.Demo_TestNG.NewTest" tests="1" failures="0" timestamp="24 May 2020 13:45:31 GMT" time="0.028" errors="0">
  <testcase name="f" time="0.028" classname="Demo_TestNG.Demo_TestNG.NewTest"/>
</testsuite> <!-- Demo_TestNG.Demo_TestNG.NewTest -->
