<?xml version="1.0" encoding="UTF-8"?>
<!-- Generated by org.testng.reporters.JUnitReportReporter -->
<testsuite name="Demo_TestNG.Demo_TestNG.TC_Home_Group" tests="1" time="0.011" ignored="4" failures="0" timestamp="13 Jun 2020 20:04:41 GMT" skipped="0" hostname="AbottsVAIO" errors="0">
  <testcase name="TC_Home_01" time="0.011" classname="Demo_TestNG.Demo_TestNG.TC_Home_Group"/>
  <testcase name="TC_Home_02" classname="Demo_TestNG.Demo_TestNG.TC_Home_Group">
    <skipped/>
  </testcase> <!-- TC_Home_02 -->
  <testcase name="TC_Login_03" classname="Demo_TestNG.Demo_TestNG.TC_Login_Group">
    <skipped/>
  </testcase> <!-- TC_Login_03 -->
  <testcase name="TC_Login_04" classname="Demo_TestNG.Demo_TestNG.TC_Login_Group">
    <skipped/>
  </testcase> <!-- TC_Login_04 -->
  <testcase name="TC_Login_02" classname="Demo_TestNG.Demo_TestNG.TC_Login_Group">
    <skipped/>
  </testcase> <!-- TC_Login_02 -->
</testsuite> <!-- Demo_TestNG.Demo_TestNG.TC_Home_Group -->
